<?xml version="1.0" encoding="UTF-8"?>
<testng-results skipped="0" failed="0" ignored="0" total="2" passed="2">
  <reporter-output>
  </reporter-output>
  <suite name="Default suite" duration-ms="60" started-at="2022-07-14T18:09:37 IST" finished-at="2022-07-14T18:09:38 IST">
    <groups>
    </groups>
    <test name="Default test" duration-ms="60" started-at="2022-07-14T18:09:37 IST" finished-at="2022-07-14T18:09:38 IST">
      <class name="com.crm.sample.practice.CreateContactTest">
        <test-method status="PASS" signature="creatContact()[pri:0, instance:com.crm.sample.practice.CreateContactTest@704a52ec]" name="creatContact" duration-ms="9" started-at="2022-07-14T18:09:38 IST" finished-at="2022-07-14T18:09:38 IST">
          <reporter-output>
          </reporter-output>
        </test-method> <!-- creatContact -->
        <test-method status="PASS" signature="deletContactAndverify()[pri:0, instance:com.crm.sample.practice.CreateContactTest@704a52ec]" name="deletContactAndverify" duration-ms="1" started-at="2022-07-14T18:09:38 IST" finished-at="2022-07-14T18:09:38 IST">
          <reporter-output>
          </reporter-output>
        </test-method> <!-- deletContactAndverify -->
      </class> <!-- com.crm.sample.practice.CreateContactTest -->
    </test> <!-- Default test -->
  </suite> <!-- Default suite -->
</testng-results>
